<?xml version="1.0" encoding="UTF-8"?>
<!-- Generated by org.testng.reporters.JUnitReportReporter -->
<testsuite skipped="0" hostname="WLW10-SUDHIRN" name="udemy.Mavenjava.E1Test" tests="2" failures="0" timestamp="2020-10-19T18:36:08 IST" time="0.003" errors="0">
  <testcase name="m1" time="0.002" classname="udemy.Mavenjava.E1Test"/>
  <system-out/>
  <testcase name="m2" time="0.001" classname="udemy.Mavenjava.E1Test"/>
  <system-out/>
</testsuite> <!-- udemy.Mavenjava.E1Test -->
